[+] Containers:
 |- [+] Container: /Game/Main_Menu
 |   |- [+] ActorDescs:
 |   |   |- Guid:5368FABB47D6D9580DAECA8B0417BF92 BaseClass: NativeClass:/Script/Engine.WorldDataLayers Name:WorldDataLayers Label:WorldDataLayers-1 SpatiallyLoaded:0 Bounds:IsValid=true, Min=(X=0.000 Y=0.000 Z=0.000), Max=(X=0.000 Y=0.000 Z=0.000) RuntimeGrid:None EditorOnly:0 RuntimeOnly:0 HLODRelevant:0
 |   |   |- Guid:9423AA7D4536C32E714E95BE56FE915F BaseClass: NativeClass:/Script/Engine.ExponentialHeightFog Name:ExponentialHeightFog_UAID_5CFF35E1E4E71B7401_1609963446 Label:ExponentialHeightFog SpatiallyLoaded:0 Bounds:IsValid=true, Min=(X=16505.000 Y=11555.000 Z=17935.000), Max=(X=16505.000 Y=11555.000 Z=17935.000) RuntimeGrid:None EditorOnly:0 RuntimeOnly:0 HLODRelevant:0
 |   |   |- Guid:A43F09984B49E1D04B54FC95BEA6FC18 BaseClass: NativeClass:/Script/Engine.SkyAtmosphere Name:SkyAtmosphere_UAID_5CFF35E1E4E71B7401_1573066443 Label:SkyAtmosphere SpatiallyLoaded:0 Bounds:IsValid=true, Min=(X=16365.000 Y=10590.000 Z=18795.000), Max=(X=16365.000 Y=10590.000 Z=18795.000) RuntimeGrid:None EditorOnly:0 RuntimeOnly:0 HLODRelevant:0
 |   |   |- Guid:D33359D243C2727F17F1249A6FA0558C BaseClass: NativeClass:/Script/Engine.CameraActor Name:CameraActor_UAID_5CFF35E1E4E71C7401_1197667624 Label:CameraActor SpatiallyLoaded:1 Bounds:IsValid=true, Min=(X=15065.000 Y=9860.000 Z=18165.000), Max=(X=15065.000 Y=9860.000 Z=18165.000) RuntimeGrid:None EditorOnly:0 RuntimeOnly:0 HLODRelevant:0
 |   |   |- Guid:EE3AE2F14FAF497381218EB5D144CD3E BaseClass: NativeClass:/Script/Engine.DirectionalLight Name:DirectionalLight_UAID_5CFF35E1E4E71B7401_1596800445 Label:DirectionalLight SpatiallyLoaded:0 Bounds:IsValid=true, Min=(X=-4398046511104.000 Y=-4398046511104.000 Z=-4398046511104.000), Max=(X=4398046511104.000 Y=4398046511104.000 Z=4398046511104.000) RuntimeGrid:None EditorOnly:0 RuntimeOnly:0 HLODRelevant:0
 |   |- [+] Clusters:
 |   |   |- [+] [  0]
 |   |   |   |- Guid:5368FABB47D6D9580DAECA8B0417BF92 BaseClass: NativeClass:/Script/Engine.WorldDataLayers Name:WorldDataLayers Label:WorldDataLayers-1 SpatiallyLoaded:0 Bounds:IsValid=true, Min=(X=0.000 Y=0.000 Z=0.000), Max=(X=0.000 Y=0.000 Z=0.000) RuntimeGrid:None EditorOnly:0 RuntimeOnly:0 HLODRelevant:0
 |   |   |- [+] [  1]
 |   |   |   |- Guid:A43F09984B49E1D04B54FC95BEA6FC18 BaseClass: NativeClass:/Script/Engine.SkyAtmosphere Name:SkyAtmosphere_UAID_5CFF35E1E4E71B7401_1573066443 Label:SkyAtmosphere SpatiallyLoaded:0 Bounds:IsValid=true, Min=(X=16365.000 Y=10590.000 Z=18795.000), Max=(X=16365.000 Y=10590.000 Z=18795.000) RuntimeGrid:None EditorOnly:0 RuntimeOnly:0 HLODRelevant:0
 |   |   |- [+] [  2]
 |   |   |   |- Guid:EE3AE2F14FAF497381218EB5D144CD3E BaseClass: NativeClass:/Script/Engine.DirectionalLight Name:DirectionalLight_UAID_5CFF35E1E4E71B7401_1596800445 Label:DirectionalLight SpatiallyLoaded:0 Bounds:IsValid=true, Min=(X=-4398046511104.000 Y=-4398046511104.000 Z=-4398046511104.000), Max=(X=4398046511104.000 Y=4398046511104.000 Z=4398046511104.000) RuntimeGrid:None EditorOnly:0 RuntimeOnly:0 HLODRelevant:0
 |   |   |- [+] [  3]
 |   |   |   |- Guid:9423AA7D4536C32E714E95BE56FE915F BaseClass: NativeClass:/Script/Engine.ExponentialHeightFog Name:ExponentialHeightFog_UAID_5CFF35E1E4E71B7401_1609963446 Label:ExponentialHeightFog SpatiallyLoaded:0 Bounds:IsValid=true, Min=(X=16505.000 Y=11555.000 Z=17935.000), Max=(X=16505.000 Y=11555.000 Z=17935.000) RuntimeGrid:None EditorOnly:0 RuntimeOnly:0 HLODRelevant:0
 |   |   |- [+] [  4]
 |   |   |   |- Guid:D33359D243C2727F17F1249A6FA0558C BaseClass: NativeClass:/Script/Engine.CameraActor Name:CameraActor_UAID_5CFF35E1E4E71C7401_1197667624 Label:CameraActor SpatiallyLoaded:1 Bounds:IsValid=true, Min=(X=15065.000 Y=9860.000 Z=18165.000), Max=(X=15065.000 Y=9860.000 Z=18165.000) RuntimeGrid:None EditorOnly:0 RuntimeOnly:0 HLODRelevant:0
 |- ContainerInstances:
 |- [+] MainContainer:
 |   |-        ID: 0x0000000000000000
 |   |-    Bounds: IsValid=true, Min=(X=15065.000 Y=9860.000 Z=18165.000), Max=(X=15065.000 Y=9860.000 Z=18165.000)
 |   |- Transform: 0.000000,0.000000,0.000000|0.000000,0.000000,-0.000000|1.000000,1.000000,1.000000
 |   |- Container: /Game/Main_Menu
----------------------------------------------------------------------------------------------------------------
Main_Menu - Persistent Level
----------------------------------------------------------------------------------------------------------------
Always loaded Actor Count: 11 

----------------------------------------------------------------------------------------------------------------
Main_Menu - Runtime Spatial Hash - Streaming Grid - MainGrid
----------------------------------------------------------------------------------------------------------------
            Origin: X=0.000 Y=0.000 Z=0.000
         Cell Size: 25600
      World Bounds: IsValid=true, Min=(X=15065.000 Y=9860.000 Z=18165.000), Max=(X=15065.000 Y=9860.000 Z=18165.000)
     Loading Range: 76800.00
Block Slow Loading: No
 ClientOnlyVisible: No

[+] Grid Levels: 2
 |- Level  0: Cell Count    1 | Cell Size   25600 | Actor Count    1 (100.0%)
 |- Level  1: Cell Count    0 | Cell Size   51200 | Actor Count    0 (0.0%)

[+] Content of Grid Level 0
 |- [+] Content of Cell MainGrid_L0_X0_Y0
 |   |- Actor Count: 1
 |   |- MinMaxZ: X=18165.000 Y=18165.000
 |   |- Actor Path: /Game/Main_Menu.Main_Menu:PersistentLevel.CameraActor_UAID_5CFF35E1E4E71C7401_1197667624
 |   |- Actor Package: /Game/__ExternalActors__/Main_Menu/2/AI/AXHREK91PWV57LYZE1OZ1X
[+] Content of Grid Level 1

