[+] Containers:
 |- [+] Container: /Game/game
 |   |- [+] ActorDescs:
 |   |   |- Guid:0432B3BB48B2FB74E3C684A9B3B3B3B0 BaseClass:/Game/Sonic_Diamonds_Bp.Sonic_Diamonds_Bp_C NativeClass:/Script/Engine.Actor Name:Sonic_Diamonds_Bp_C_UAID_5CFF35E1E4E7707401_1191761428 Label:Sonic_Diamonds_Bp4 SpatiallyLoaded:1 Bounds:IsValid=true, Min=(X=15844.289 Y=36854.289 Z=-518.125), Max=(X=15985.711 Y=36995.711 Z=-511.875) RuntimeGrid:None EditorOnly:0 RuntimeOnly:0 HLODRelevant:0
 |   |   |- Guid:05CC43BE4D6673741A34C59A182A3B88 BaseClass:/Game/Sonic_Diamonds_Bp.Sonic_Diamonds_Bp_C NativeClass:/Script/Engine.Actor Name:Sonic_Diamonds_Bp_C_UAID_5CFF35E1E4E7707401_1313006448 Label:Sonic_Diamonds_Bp12 SpatiallyLoaded:1 Bounds:IsValid=true, Min=(X=17344.289 Y=36819.289 Z=-443.125), Max=(X=17485.711 Y=36960.711 Z=-436.875) RuntimeGrid:None EditorOnly:0 RuntimeOnly:0 HLODRelevant:0
 |   |   |- Guid:0E79EF284E843770C18A40AB0520E098 BaseClass:/Game/Sonic_Diamonds_Bp.Sonic_Diamonds_Bp_C NativeClass:/Script/Engine.Actor Name:Sonic_Diamonds_Bp_C_UAID_5CFF35E1E4E7707401_1124479417 Label:Sonic_Diamonds_Bp3 SpatiallyLoaded:1 Bounds:IsValid=true, Min=(X=16334.289 Y=37434.289 Z=-518.125), Max=(X=16475.711 Y=37575.711 Z=-511.875) RuntimeGrid:None EditorOnly:0 RuntimeOnly:0 HLODRelevant:0
 |   |   |- Guid:17878DCF4EE6C6A31F46628BBDB68EEA BaseClass:/Game/Sonic_Diamonds_Bp.Sonic_Diamonds_Bp_C NativeClass:/Script/Engine.Actor Name:Sonic_Diamonds_Bp_C_UAID_5CFF35E1E4E7707401_1377813468 Label:Sonic_Diamonds_Bp20 SpatiallyLoaded:1 Bounds:IsValid=true, Min=(X=15584.289 Y=36364.289 Z=-558.125), Max=(X=15725.711 Y=36505.711 Z=-551.875) RuntimeGrid:None EditorOnly:0 RuntimeOnly:0 HLODRelevant:0
 |   |   |- Guid:19A4731B48A7BE46CE484A87E628C22D BaseClass:/Game/orb/Procedural/BP_instanceManager.BP_instanceManager_C NativeClass:/Script/Engine.Actor Name:BP_instanceManager_C_UAID_309C23E9A39CE25901_1497335920 Label:BP_instanceManager SpatiallyLoaded:1 Bounds:IsValid=true, Min=(X=14200.000 Y=34250.000 Z=0.000), Max=(X=14200.000 Y=34250.000 Z=0.000) RuntimeGrid:None EditorOnly:0 RuntimeOnly:0 HLODRelevant:0
 |   |   |- Guid:1DE8D7AC4103A2EABA11649C7FCF8ACA BaseClass: NativeClass:/Script/Engine.SkyLight Name:SkyLight_UAID_A85E45CFE40401D200_1470380759 Label:SkyLight SpatiallyLoaded:0 Bounds:IsValid=true, Min=(X=0.000 Y=0.000 Z=0.000), Max=(X=0.000 Y=0.000 Z=0.000) RuntimeGrid:None EditorOnly:0 RuntimeOnly:0 HLODRelevant:0 FolderPath:Lighting FolderGuid:B7E9BD5B45A652654791988DEF54CCEB
 |   |   |- Guid:1E0C3A954838CB9EA19757A116A5E56B BaseClass:/Game/Sonic_Diamonds_Bp.Sonic_Diamonds_Bp_C NativeClass:/Script/Engine.Actor Name:Sonic_Diamonds_Bp_C_UAID_5CFF35E1E4E7707401_1122345416 Label:Sonic_Diamonds_Bp2 SpatiallyLoaded:1 Bounds:IsValid=true, Min=(X=16074.289 Y=37219.289 Z=-558.125), Max=(X=16215.711 Y=37360.711 Z=-551.875) RuntimeGrid:None EditorOnly:0 RuntimeOnly:0 HLODRelevant:0
 |   |   |- Guid:2B3E39DE4D77B226072B8F8CBDF1EBBF BaseClass:/Game/Sonic_Diamonds_Bp.Sonic_Diamonds_Bp_C NativeClass:/Script/Engine.Actor Name:Sonic_Diamonds_Bp_C_UAID_5CFF35E1E4E7707401_1377810467 Label:Sonic_Diamonds_Bp19 SpatiallyLoaded:1 Bounds:IsValid=true, Min=(X=15274.289 Y=36664.289 Z=-598.125), Max=(X=15415.711 Y=36805.711 Z=-591.875) RuntimeGrid:None EditorOnly:0 RuntimeOnly:0 HLODRelevant:0
 |   |   |- Guid:2CE12F874AA39D020A0F4BA5739BD305 BaseClass: NativeClass:/Script/Engine.SkyAtmosphere Name:SkyAtmosphere_UAID_A85E45CFE40401D200_1470382762 Label:SkyAtmosphere SpatiallyLoaded:0 Bounds:IsValid=true, Min=(X=0.000 Y=0.000 Z=0.000), Max=(X=0.000 Y=0.000 Z=0.000) RuntimeGrid:None EditorOnly:0 RuntimeOnly:0 HLODRelevant:0 FolderPath:Lighting FolderGuid:B7E9BD5B45A652654791988DEF54CCEB
 |   |   |- Guid:2D0B5B7640FD88CE36CEFD9B7C0AC0FA BaseClass:/Game/Sonic_Diamonds_Bp.Sonic_Diamonds_Bp_C NativeClass:/Script/Engine.Actor Name:Sonic_Diamonds_Bp_C_UAID_5CFF35E1E4E7707401_1359831462 Label:Sonic_Diamonds_Bp18 SpatiallyLoaded:1 Bounds:IsValid=true, Min=(X=15124.289 Y=36964.289 Z=-443.125), Max=(X=15265.711 Y=37105.711 Z=-436.875) RuntimeGrid:None EditorOnly:0 RuntimeOnly:0 HLODRelevant:0
 |   |   |- Guid:3FFC063041ED1108E4140D9E4984B532 BaseClass:/Game/orb/Procedural/ControllerPawn.ControllerPawn_C NativeClass:/Script/Engine.Pawn Name:ControllerPawn_C_UAID_309C23E9A39CE65901_1856491626 Label:ControllerPawn SpatiallyLoaded:1 Bounds:IsValid=true, Min=(X=15175.000 Y=35150.000 Z=2500.000), Max=(X=15175.000 Y=35150.000 Z=2500.000) RuntimeGrid:None EditorOnly:0 RuntimeOnly:0 HLODRelevant:0
 |   |   |- Guid:4A784ED2499178157F6FF5974DFF11B0 BaseClass:/Game/Sonic_Diamonds_Bp.Sonic_Diamonds_Bp_C NativeClass:/Script/Engine.Actor Name:Sonic_Diamonds_Bp_C_UAID_5CFF35E1E4E7707401_1377814469 Label:Sonic_Diamonds_Bp21 SpatiallyLoaded:1 Bounds:IsValid=true, Min=(X=15844.289 Y=36579.289 Z=-518.125), Max=(X=15985.711 Y=36720.711 Z=-511.875) RuntimeGrid:None EditorOnly:0 RuntimeOnly:0 HLODRelevant:0
 |   |   |- Guid:4DE4B7CD46D058933CAC0FBA8AD76B70 BaseClass:/Game/Sonic_Diamonds_Bp.Sonic_Diamonds_Bp_C NativeClass:/Script/Engine.Actor Name:Sonic_Diamonds_Bp_C_UAID_5CFF35E1E4E76F7401_1947692209 Label:Sonic_Diamonds_Bp SpatiallyLoaded:1 Bounds:IsValid=true, Min=(X=15764.289 Y=37519.289 Z=-598.125), Max=(X=15905.711 Y=37660.711 Z=-591.875) RuntimeGrid:None EditorOnly:0 RuntimeOnly:0 HLODRelevant:0
 |   |   |- Guid:5368FABB47D6D9580DAECA8B0417BF92 BaseClass: NativeClass:/Script/Engine.WorldDataLayers Name:WorldDataLayers Label:WorldDataLayers-1 SpatiallyLoaded:0 Bounds:IsValid=true, Min=(X=0.000 Y=0.000 Z=0.000), Max=(X=0.000 Y=0.000 Z=0.000) RuntimeGrid:None EditorOnly:0 RuntimeOnly:0 HLODRelevant:0
 |   |   |- Guid:5D6061A246FCC380DB22B38C77C35ED5 BaseClass:/Game/Sonic_Diamonds_Bp.Sonic_Diamonds_Bp_C NativeClass:/Script/Engine.Actor Name:Sonic_Diamonds_Bp_C_UAID_5CFF35E1E4E7707401_1377819472 Label:Sonic_Diamonds_Bp24 SpatiallyLoaded:1 Bounds:IsValid=true, Min=(X=14679.289 Y=36469.289 Z=-443.125), Max=(X=14820.711 Y=36610.711 Z=-436.875) RuntimeGrid:None EditorOnly:0 RuntimeOnly:0 HLODRelevant:0
 |   |   |- Guid:66CD26C143C338BE20D8108531BDA58B BaseClass:/Game/Sonic_Diamonds_Bp.Sonic_Diamonds_Bp_C NativeClass:/Script/Engine.Actor Name:Sonic_Diamonds_Bp_C_UAID_5CFF35E1E4E7707401_1313003446 Label:Sonic_Diamonds_Bp10 SpatiallyLoaded:1 Bounds:IsValid=true, Min=(X=16669.289 Y=37289.289 Z=-518.125), Max=(X=16810.711 Y=37430.711 Z=-511.875) RuntimeGrid:None EditorOnly:0 RuntimeOnly:0 HLODRelevant:0
 |   |   |- Guid:7B4149D74D558229ACB47892F604212D BaseClass:/Game/Sonic_Diamonds_Bp.Sonic_Diamonds_Bp_C NativeClass:/Script/Engine.Actor Name:Sonic_Diamonds_Bp_C_UAID_5CFF35E1E4E7707401_1359828461 Label:Sonic_Diamonds_Bp17 SpatiallyLoaded:1 Bounds:IsValid=true, Min=(X=14784.289 Y=37149.289 Z=-633.125), Max=(X=14925.711 Y=37290.711 Z=-626.875) RuntimeGrid:None EditorOnly:0 RuntimeOnly:0 HLODRelevant:0
 |   |   |- Guid:87431C644A0DED2E389A4EAAF436E692 BaseClass:/Game/Sonic_Diamonds_Bp.Sonic_Diamonds_Bp_C NativeClass:/Script/Engine.Actor Name:Sonic_Diamonds_Bp_C_UAID_5CFF35E1E4E7707401_1194797429 Label:Sonic_Diamonds_Bp5 SpatiallyLoaded:1 Bounds:IsValid=true, Min=(X=15509.289 Y=37139.289 Z=-633.125), Max=(X=15650.711 Y=37280.711 Z=-626.875) RuntimeGrid:None EditorOnly:0 RuntimeOnly:0 HLODRelevant:0
 |   |   |- Guid:99AADC01484F4DA987B289BFAFF75D2D BaseClass:/Game/Sonic_Diamonds_Bp.Sonic_Diamonds_Bp_C NativeClass:/Script/Engine.Actor Name:Sonic_Diamonds_Bp_C_UAID_5CFF35E1E4E7707401_1359827460 Label:Sonic_Diamonds_Bp16 SpatiallyLoaded:1 Bounds:IsValid=true, Min=(X=14449.289 Y=37434.289 Z=-518.125), Max=(X=14590.711 Y=37575.711 Z=-511.875) RuntimeGrid:None EditorOnly:0 RuntimeOnly:0 HLODRelevant:0
 |   |   |- Guid:A5771A844215A0E6A08562867772C249 BaseClass:/Game/Sonic_Diamonds_Bp.Sonic_Diamonds_Bp_C NativeClass:/Script/Engine.Actor Name:Sonic_Diamonds_Bp_C_UAID_5CFF35E1E4E7707401_1203303430 Label:Sonic_Diamonds_Bp6 SpatiallyLoaded:1 Bounds:IsValid=true, Min=(X=15169.289 Y=37324.289 Z=-443.125), Max=(X=15310.711 Y=37465.711 Z=-436.875) RuntimeGrid:None EditorOnly:0 RuntimeOnly:0 HLODRelevant:0
 |   |   |- Guid:A6D31C2D4A81F7FFA8FDF084C213F5EB BaseClass:/Game/Sonic_Diamonds_Bp.Sonic_Diamonds_Bp_C NativeClass:/Script/Engine.Actor Name:Sonic_Diamonds_Bp_C_UAID_5CFF35E1E4E7707401_1359825458 Label:Sonic_Diamonds_Bp14 SpatiallyLoaded:1 Bounds:IsValid=true, Min=(X=14219.289 Y=37069.289 Z=-558.125), Max=(X=14360.711 Y=37210.711 Z=-551.875) RuntimeGrid:None EditorOnly:0 RuntimeOnly:0 HLODRelevant:0
 |   |   |- Guid:AAAC6B5742760A58C2206DB37E44683C BaseClass: NativeClass:/Script/Engine.DirectionalLight Name:DirectionalLight_UAID_A85E45CFE40401D200_1470382761 Label:DirectionalLight SpatiallyLoaded:0 Bounds:IsValid=true, Min=(X=-4398046511104.000 Y=-4398046511104.000 Z=-4398046511104.000), Max=(X=4398046511104.000 Y=4398046511104.000 Z=4398046511104.000) RuntimeGrid:None EditorOnly:0 RuntimeOnly:0 HLODRelevant:0 FolderPath:Lighting FolderGuid:B7E9BD5B45A652654791988DEF54CCEB
 |   |   |- Guid:AE3C709A48D2C8FE810CB6AEA6CB3B93 BaseClass:/Game/Sonic_Diamonds_Bp.Sonic_Diamonds_Bp_C NativeClass:/Script/Engine.Actor Name:Sonic_Diamonds_Bp_C_UAID_5CFF35E1E4E7707401_1313000444 Label:Sonic_Diamonds_Bp8 SpatiallyLoaded:1 Bounds:IsValid=true, Min=(X=16439.289 Y=36924.289 Z=-558.125), Max=(X=16580.711 Y=37065.711 Z=-551.875) RuntimeGrid:None EditorOnly:0 RuntimeOnly:0 HLODRelevant:0
 |   |   |- Guid:B231D08F4DB6C028CB1333B2EB832A04 BaseClass:/Game/Sonic_Diamonds_Bp.Sonic_Diamonds_Bp_C NativeClass:/Script/Engine.Actor Name:Sonic_Diamonds_Bp_C_UAID_5CFF35E1E4E7707401_1313001445 Label:Sonic_Diamonds_Bp9 SpatiallyLoaded:1 Bounds:IsValid=true, Min=(X=16179.289 Y=36709.289 Z=-518.125), Max=(X=16320.711 Y=36850.711 Z=-511.875) RuntimeGrid:None EditorOnly:0 RuntimeOnly:0 HLODRelevant:0
 |   |   |- Guid:C8AA95B04CA9728B501FF8B971C5ACE7 BaseClass:/Game/Sonic_Diamonds_Bp.Sonic_Diamonds_Bp_C NativeClass:/Script/Engine.Actor Name:Sonic_Diamonds_Bp_C_UAID_5CFF35E1E4E7707401_1359826459 Label:Sonic_Diamonds_Bp15 SpatiallyLoaded:1 Bounds:IsValid=true, Min=(X=13959.289 Y=36854.289 Z=-518.125), Max=(X=14100.711 Y=36995.711 Z=-511.875) RuntimeGrid:None EditorOnly:0 RuntimeOnly:0 HLODRelevant:0
 |   |   |- Guid:D23770EA4A4F62A7D9131FBBEB951031 BaseClass:/Game/Sonic_Diamonds_Bp.Sonic_Diamonds_Bp_C NativeClass:/Script/Engine.Actor Name:Sonic_Diamonds_Bp_C_UAID_5CFF35E1E4E7707401_1377817471 Label:Sonic_Diamonds_Bp23 SpatiallyLoaded:1 Bounds:IsValid=true, Min=(X=15019.289 Y=36284.289 Z=-633.125), Max=(X=15160.711 Y=36425.711 Z=-626.875) RuntimeGrid:None EditorOnly:0 RuntimeOnly:0 HLODRelevant:0
 |   |   |- Guid:D3FB7383421AAEFD3DB6F8B1E415A9FE BaseClass: NativeClass:/Script/Engine.ExponentialHeightFog Name:ExponentialHeightFog_UAID_A85E45CFE40401D200_1470382763 Label:ExponentialHeightFog SpatiallyLoaded:0 Bounds:IsValid=true, Min=(X=-5600.000 Y=-50.000 Z=-6850.000), Max=(X=-5600.000 Y=-50.000 Z=-6850.000) RuntimeGrid:None EditorOnly:0 RuntimeOnly:0 HLODRelevant:0 FolderPath:Lighting FolderGuid:B7E9BD5B45A652654791988DEF54CCEB
 |   |   |- Guid:E4120FD74B6135CCC3A3E6AFF449FDB3 BaseClass:/Game/Sonic_Diamonds_Bp.Sonic_Diamonds_Bp_C NativeClass:/Script/Engine.Actor Name:Sonic_Diamonds_Bp_C_UAID_5CFF35E1E4E7707401_1312998443 Label:Sonic_Diamonds_Bp7 SpatiallyLoaded:1 Bounds:IsValid=true, Min=(X=16749.289 Y=36624.289 Z=-598.125), Max=(X=16890.711 Y=36765.711 Z=-591.875) RuntimeGrid:None EditorOnly:0 RuntimeOnly:0 HLODRelevant:0
 |   |   |- Guid:E6121BDD4DB2549CE85439BD8B4603C3 BaseClass:/Game/Sonic_Diamonds_Bp.Sonic_Diamonds_Bp_C NativeClass:/Script/Engine.Actor Name:Sonic_Diamonds_Bp_C_UAID_5CFF35E1E4E7707401_1359824457 Label:Sonic_Diamonds_Bp13 SpatiallyLoaded:1 Bounds:IsValid=true, Min=(X=14529.289 Y=36769.289 Z=-598.125), Max=(X=14670.711 Y=36910.711 Z=-591.875) RuntimeGrid:None EditorOnly:0 RuntimeOnly:0 HLODRelevant:0
 |   |   |- Guid:E6C4256B4C809C38067A65A8B56F1582 BaseClass:/Game/orb/Procedural/BP_Maze.BP_Maze_C NativeClass:/Script/Engine.Actor Name:BP_Maze_C_UAID_309C23E9A39CE25901_1494298919 Label:BP_Maze SpatiallyLoaded:1 Bounds:IsValid=true, Min=(X=0.000 Y=0.000 Z=0.000), Max=(X=0.000 Y=0.000 Z=0.000) RuntimeGrid:None EditorOnly:0 RuntimeOnly:0 HLODRelevant:0
 |   |   |- Guid:EA63C3FD445543F182E707A6B632BB56 BaseClass:/Game/Sonic_Diamonds_Bp.Sonic_Diamonds_Bp_C NativeClass:/Script/Engine.Actor Name:Sonic_Diamonds_Bp_C_UAID_5CFF35E1E4E7707401_1313005447 Label:Sonic_Diamonds_Bp11 SpatiallyLoaded:1 Bounds:IsValid=true, Min=(X=17004.289 Y=37004.289 Z=-633.125), Max=(X=17145.711 Y=37145.711 Z=-626.875) RuntimeGrid:None EditorOnly:0 RuntimeOnly:0 HLODRelevant:0
 |   |   |- Guid:FEB5683A409BBAF15C8B6793F2754CF6 BaseClass:/Game/Sonic_Diamonds_Bp.Sonic_Diamonds_Bp_C NativeClass:/Script/Engine.Actor Name:Sonic_Diamonds_Bp_C_UAID_5CFF35E1E4E7707401_1377816470 Label:Sonic_Diamonds_Bp22 SpatiallyLoaded:1 Bounds:IsValid=true, Min=(X=15354.289 Y=35999.289 Z=-518.125), Max=(X=15495.711 Y=36140.711 Z=-511.875) RuntimeGrid:None EditorOnly:0 RuntimeOnly:0 HLODRelevant:0
 |   |- [+] Clusters:
 |   |   |- [+] [  0]
 |   |   |   |- Guid:3FFC063041ED1108E4140D9E4984B532 BaseClass:/Game/orb/Procedural/ControllerPawn.ControllerPawn_C NativeClass:/Script/Engine.Pawn Name:ControllerPawn_C_UAID_309C23E9A39CE65901_1856491626 Label:ControllerPawn SpatiallyLoaded:1 Bounds:IsValid=true, Min=(X=15175.000 Y=35150.000 Z=2500.000), Max=(X=15175.000 Y=35150.000 Z=2500.000) RuntimeGrid:None EditorOnly:0 RuntimeOnly:0 HLODRelevant:0
 |   |   |   |- Guid:19A4731B48A7BE46CE484A87E628C22D BaseClass:/Game/orb/Procedural/BP_instanceManager.BP_instanceManager_C NativeClass:/Script/Engine.Actor Name:BP_instanceManager_C_UAID_309C23E9A39CE25901_1497335920 Label:BP_instanceManager SpatiallyLoaded:1 Bounds:IsValid=true, Min=(X=14200.000 Y=34250.000 Z=0.000), Max=(X=14200.000 Y=34250.000 Z=0.000) RuntimeGrid:None EditorOnly:0 RuntimeOnly:0 HLODRelevant:0
 |   |   |   |- Guid:E6C4256B4C809C38067A65A8B56F1582 BaseClass:/Game/orb/Procedural/BP_Maze.BP_Maze_C NativeClass:/Script/Engine.Actor Name:BP_Maze_C_UAID_309C23E9A39CE25901_1494298919 Label:BP_Maze SpatiallyLoaded:1 Bounds:IsValid=true, Min=(X=0.000 Y=0.000 Z=0.000), Max=(X=0.000 Y=0.000 Z=0.000) RuntimeGrid:None EditorOnly:0 RuntimeOnly:0 HLODRelevant:0
 |   |   |- [+] [  1]
 |   |   |   |- Guid:1DE8D7AC4103A2EABA11649C7FCF8ACA BaseClass: NativeClass:/Script/Engine.SkyLight Name:SkyLight_UAID_A85E45CFE40401D200_1470380759 Label:SkyLight SpatiallyLoaded:0 Bounds:IsValid=true, Min=(X=0.000 Y=0.000 Z=0.000), Max=(X=0.000 Y=0.000 Z=0.000) RuntimeGrid:None EditorOnly:0 RuntimeOnly:0 HLODRelevant:0 FolderPath:Lighting FolderGuid:B7E9BD5B45A652654791988DEF54CCEB
 |   |   |- [+] [  2]
 |   |   |   |- Guid:AAAC6B5742760A58C2206DB37E44683C BaseClass: NativeClass:/Script/Engine.DirectionalLight Name:DirectionalLight_UAID_A85E45CFE40401D200_1470382761 Label:DirectionalLight SpatiallyLoaded:0 Bounds:IsValid=true, Min=(X=-4398046511104.000 Y=-4398046511104.000 Z=-4398046511104.000), Max=(X=4398046511104.000 Y=4398046511104.000 Z=4398046511104.000) RuntimeGrid:None EditorOnly:0 RuntimeOnly:0 HLODRelevant:0 FolderPath:Lighting FolderGuid:B7E9BD5B45A652654791988DEF54CCEB
 |   |   |- [+] [  3]
 |   |   |   |- Guid:D3FB7383421AAEFD3DB6F8B1E415A9FE BaseClass: NativeClass:/Script/Engine.ExponentialHeightFog Name:ExponentialHeightFog_UAID_A85E45CFE40401D200_1470382763 Label:ExponentialHeightFog SpatiallyLoaded:0 Bounds:IsValid=true, Min=(X=-5600.000 Y=-50.000 Z=-6850.000), Max=(X=-5600.000 Y=-50.000 Z=-6850.000) RuntimeGrid:None EditorOnly:0 RuntimeOnly:0 HLODRelevant:0 FolderPath:Lighting FolderGuid:B7E9BD5B45A652654791988DEF54CCEB
 |   |   |- [+] [  4]
 |   |   |   |- Guid:2CE12F874AA39D020A0F4BA5739BD305 BaseClass: NativeClass:/Script/Engine.SkyAtmosphere Name:SkyAtmosphere_UAID_A85E45CFE40401D200_1470382762 Label:SkyAtmosphere SpatiallyLoaded:0 Bounds:IsValid=true, Min=(X=0.000 Y=0.000 Z=0.000), Max=(X=0.000 Y=0.000 Z=0.000) RuntimeGrid:None EditorOnly:0 RuntimeOnly:0 HLODRelevant:0 FolderPath:Lighting FolderGuid:B7E9BD5B45A652654791988DEF54CCEB
 |   |   |- [+] [  5]
 |   |   |   |- Guid:5368FABB47D6D9580DAECA8B0417BF92 BaseClass: NativeClass:/Script/Engine.WorldDataLayers Name:WorldDataLayers Label:WorldDataLayers-1 SpatiallyLoaded:0 Bounds:IsValid=true, Min=(X=0.000 Y=0.000 Z=0.000), Max=(X=0.000 Y=0.000 Z=0.000) RuntimeGrid:None EditorOnly:0 RuntimeOnly:0 HLODRelevant:0
 |   |   |- [+] [  6]
 |   |   |   |- Guid:4DE4B7CD46D058933CAC0FBA8AD76B70 BaseClass:/Game/Sonic_Diamonds_Bp.Sonic_Diamonds_Bp_C NativeClass:/Script/Engine.Actor Name:Sonic_Diamonds_Bp_C_UAID_5CFF35E1E4E76F7401_1947692209 Label:Sonic_Diamonds_Bp SpatiallyLoaded:1 Bounds:IsValid=true, Min=(X=15764.289 Y=37519.289 Z=-598.125), Max=(X=15905.711 Y=37660.711 Z=-591.875) RuntimeGrid:None EditorOnly:0 RuntimeOnly:0 HLODRelevant:0
 |   |   |- [+] [  7]
 |   |   |   |- Guid:1E0C3A954838CB9EA19757A116A5E56B BaseClass:/Game/Sonic_Diamonds_Bp.Sonic_Diamonds_Bp_C NativeClass:/Script/Engine.Actor Name:Sonic_Diamonds_Bp_C_UAID_5CFF35E1E4E7707401_1122345416 Label:Sonic_Diamonds_Bp2 SpatiallyLoaded:1 Bounds:IsValid=true, Min=(X=16074.289 Y=37219.289 Z=-558.125), Max=(X=16215.711 Y=37360.711 Z=-551.875) RuntimeGrid:None EditorOnly:0 RuntimeOnly:0 HLODRelevant:0
 |   |   |- [+] [  8]
 |   |   |   |- Guid:0E79EF284E843770C18A40AB0520E098 BaseClass:/Game/Sonic_Diamonds_Bp.Sonic_Diamonds_Bp_C NativeClass:/Script/Engine.Actor Name:Sonic_Diamonds_Bp_C_UAID_5CFF35E1E4E7707401_1124479417 Label:Sonic_Diamonds_Bp3 SpatiallyLoaded:1 Bounds:IsValid=true, Min=(X=16334.289 Y=37434.289 Z=-518.125), Max=(X=16475.711 Y=37575.711 Z=-511.875) RuntimeGrid:None EditorOnly:0 RuntimeOnly:0 HLODRelevant:0
 |   |   |- [+] [  9]
 |   |   |   |- Guid:0432B3BB48B2FB74E3C684A9B3B3B3B0 BaseClass:/Game/Sonic_Diamonds_Bp.Sonic_Diamonds_Bp_C NativeClass:/Script/Engine.Actor Name:Sonic_Diamonds_Bp_C_UAID_5CFF35E1E4E7707401_1191761428 Label:Sonic_Diamonds_Bp4 SpatiallyLoaded:1 Bounds:IsValid=true, Min=(X=15844.289 Y=36854.289 Z=-518.125), Max=(X=15985.711 Y=36995.711 Z=-511.875) RuntimeGrid:None EditorOnly:0 RuntimeOnly:0 HLODRelevant:0
 |   |   |- [+] [ 10]
 |   |   |   |- Guid:87431C644A0DED2E389A4EAAF436E692 BaseClass:/Game/Sonic_Diamonds_Bp.Sonic_Diamonds_Bp_C NativeClass:/Script/Engine.Actor Name:Sonic_Diamonds_Bp_C_UAID_5CFF35E1E4E7707401_1194797429 Label:Sonic_Diamonds_Bp5 SpatiallyLoaded:1 Bounds:IsValid=true, Min=(X=15509.289 Y=37139.289 Z=-633.125), Max=(X=15650.711 Y=37280.711 Z=-626.875) RuntimeGrid:None EditorOnly:0 RuntimeOnly:0 HLODRelevant:0
 |   |   |- [+] [ 11]
 |   |   |   |- Guid:A5771A844215A0E6A08562867772C249 BaseClass:/Game/Sonic_Diamonds_Bp.Sonic_Diamonds_Bp_C NativeClass:/Script/Engine.Actor Name:Sonic_Diamonds_Bp_C_UAID_5CFF35E1E4E7707401_1203303430 Label:Sonic_Diamonds_Bp6 SpatiallyLoaded:1 Bounds:IsValid=true, Min=(X=15169.289 Y=37324.289 Z=-443.125), Max=(X=15310.711 Y=37465.711 Z=-436.875) RuntimeGrid:None EditorOnly:0 RuntimeOnly:0 HLODRelevant:0
 |   |   |- [+] [ 12]
 |   |   |   |- Guid:E4120FD74B6135CCC3A3E6AFF449FDB3 BaseClass:/Game/Sonic_Diamonds_Bp.Sonic_Diamonds_Bp_C NativeClass:/Script/Engine.Actor Name:Sonic_Diamonds_Bp_C_UAID_5CFF35E1E4E7707401_1312998443 Label:Sonic_Diamonds_Bp7 SpatiallyLoaded:1 Bounds:IsValid=true, Min=(X=16749.289 Y=36624.289 Z=-598.125), Max=(X=16890.711 Y=36765.711 Z=-591.875) RuntimeGrid:None EditorOnly:0 RuntimeOnly:0 HLODRelevant:0
 |   |   |- [+] [ 13]
 |   |   |   |- Guid:AE3C709A48D2C8FE810CB6AEA6CB3B93 BaseClass:/Game/Sonic_Diamonds_Bp.Sonic_Diamonds_Bp_C NativeClass:/Script/Engine.Actor Name:Sonic_Diamonds_Bp_C_UAID_5CFF35E1E4E7707401_1313000444 Label:Sonic_Diamonds_Bp8 SpatiallyLoaded:1 Bounds:IsValid=true, Min=(X=16439.289 Y=36924.289 Z=-558.125), Max=(X=16580.711 Y=37065.711 Z=-551.875) RuntimeGrid:None EditorOnly:0 RuntimeOnly:0 HLODRelevant:0
 |   |   |- [+] [ 14]
 |   |   |   |- Guid:B231D08F4DB6C028CB1333B2EB832A04 BaseClass:/Game/Sonic_Diamonds_Bp.Sonic_Diamonds_Bp_C NativeClass:/Script/Engine.Actor Name:Sonic_Diamonds_Bp_C_UAID_5CFF35E1E4E7707401_1313001445 Label:Sonic_Diamonds_Bp9 SpatiallyLoaded:1 Bounds:IsValid=true, Min=(X=16179.289 Y=36709.289 Z=-518.125), Max=(X=16320.711 Y=36850.711 Z=-511.875) RuntimeGrid:None EditorOnly:0 RuntimeOnly:0 HLODRelevant:0
 |   |   |- [+] [ 15]
 |   |   |   |- Guid:66CD26C143C338BE20D8108531BDA58B BaseClass:/Game/Sonic_Diamonds_Bp.Sonic_Diamonds_Bp_C NativeClass:/Script/Engine.Actor Name:Sonic_Diamonds_Bp_C_UAID_5CFF35E1E4E7707401_1313003446 Label:Sonic_Diamonds_Bp10 SpatiallyLoaded:1 Bounds:IsValid=true, Min=(X=16669.289 Y=37289.289 Z=-518.125), Max=(X=16810.711 Y=37430.711 Z=-511.875) RuntimeGrid:None EditorOnly:0 RuntimeOnly:0 HLODRelevant:0
 |   |   |- [+] [ 16]
 |   |   |   |- Guid:EA63C3FD445543F182E707A6B632BB56 BaseClass:/Game/Sonic_Diamonds_Bp.Sonic_Diamonds_Bp_C NativeClass:/Script/Engine.Actor Name:Sonic_Diamonds_Bp_C_UAID_5CFF35E1E4E7707401_1313005447 Label:Sonic_Diamonds_Bp11 SpatiallyLoaded:1 Bounds:IsValid=true, Min=(X=17004.289 Y=37004.289 Z=-633.125), Max=(X=17145.711 Y=37145.711 Z=-626.875) RuntimeGrid:None EditorOnly:0 RuntimeOnly:0 HLODRelevant:0
 |   |   |- [+] [ 17]
 |   |   |   |- Guid:05CC43BE4D6673741A34C59A182A3B88 BaseClass:/Game/Sonic_Diamonds_Bp.Sonic_Diamonds_Bp_C NativeClass:/Script/Engine.Actor Name:Sonic_Diamonds_Bp_C_UAID_5CFF35E1E4E7707401_1313006448 Label:Sonic_Diamonds_Bp12 SpatiallyLoaded:1 Bounds:IsValid=true, Min=(X=17344.289 Y=36819.289 Z=-443.125), Max=(X=17485.711 Y=36960.711 Z=-436.875) RuntimeGrid:None EditorOnly:0 RuntimeOnly:0 HLODRelevant:0
 |   |   |- [+] [ 18]
 |   |   |   |- Guid:E6121BDD4DB2549CE85439BD8B4603C3 BaseClass:/Game/Sonic_Diamonds_Bp.Sonic_Diamonds_Bp_C NativeClass:/Script/Engine.Actor Name:Sonic_Diamonds_Bp_C_UAID_5CFF35E1E4E7707401_1359824457 Label:Sonic_Diamonds_Bp13 SpatiallyLoaded:1 Bounds:IsValid=true, Min=(X=14529.289 Y=36769.289 Z=-598.125), Max=(X=14670.711 Y=36910.711 Z=-591.875) RuntimeGrid:None EditorOnly:0 RuntimeOnly:0 HLODRelevant:0
 |   |   |- [+] [ 19]
 |   |   |   |- Guid:A6D31C2D4A81F7FFA8FDF084C213F5EB BaseClass:/Game/Sonic_Diamonds_Bp.Sonic_Diamonds_Bp_C NativeClass:/Script/Engine.Actor Name:Sonic_Diamonds_Bp_C_UAID_5CFF35E1E4E7707401_1359825458 Label:Sonic_Diamonds_Bp14 SpatiallyLoaded:1 Bounds:IsValid=true, Min=(X=14219.289 Y=37069.289 Z=-558.125), Max=(X=14360.711 Y=37210.711 Z=-551.875) RuntimeGrid:None EditorOnly:0 RuntimeOnly:0 HLODRelevant:0
 |   |   |- [+] [ 20]
 |   |   |   |- Guid:C8AA95B04CA9728B501FF8B971C5ACE7 BaseClass:/Game/Sonic_Diamonds_Bp.Sonic_Diamonds_Bp_C NativeClass:/Script/Engine.Actor Name:Sonic_Diamonds_Bp_C_UAID_5CFF35E1E4E7707401_1359826459 Label:Sonic_Diamonds_Bp15 SpatiallyLoaded:1 Bounds:IsValid=true, Min=(X=13959.289 Y=36854.289 Z=-518.125), Max=(X=14100.711 Y=36995.711 Z=-511.875) RuntimeGrid:None EditorOnly:0 RuntimeOnly:0 HLODRelevant:0
 |   |   |- [+] [ 21]
 |   |   |   |- Guid:99AADC01484F4DA987B289BFAFF75D2D BaseClass:/Game/Sonic_Diamonds_Bp.Sonic_Diamonds_Bp_C NativeClass:/Script/Engine.Actor Name:Sonic_Diamonds_Bp_C_UAID_5CFF35E1E4E7707401_1359827460 Label:Sonic_Diamonds_Bp16 SpatiallyLoaded:1 Bounds:IsValid=true, Min=(X=14449.289 Y=37434.289 Z=-518.125), Max=(X=14590.711 Y=37575.711 Z=-511.875) RuntimeGrid:None EditorOnly:0 RuntimeOnly:0 HLODRelevant:0
 |   |   |- [+] [ 22]
 |   |   |   |- Guid:7B4149D74D558229ACB47892F604212D BaseClass:/Game/Sonic_Diamonds_Bp.Sonic_Diamonds_Bp_C NativeClass:/Script/Engine.Actor Name:Sonic_Diamonds_Bp_C_UAID_5CFF35E1E4E7707401_1359828461 Label:Sonic_Diamonds_Bp17 SpatiallyLoaded:1 Bounds:IsValid=true, Min=(X=14784.289 Y=37149.289 Z=-633.125), Max=(X=14925.711 Y=37290.711 Z=-626.875) RuntimeGrid:None EditorOnly:0 RuntimeOnly:0 HLODRelevant:0
 |   |   |- [+] [ 23]
 |   |   |   |- Guid:2D0B5B7640FD88CE36CEFD9B7C0AC0FA BaseClass:/Game/Sonic_Diamonds_Bp.Sonic_Diamonds_Bp_C NativeClass:/Script/Engine.Actor Name:Sonic_Diamonds_Bp_C_UAID_5CFF35E1E4E7707401_1359831462 Label:Sonic_Diamonds_Bp18 SpatiallyLoaded:1 Bounds:IsValid=true, Min=(X=15124.289 Y=36964.289 Z=-443.125), Max=(X=15265.711 Y=37105.711 Z=-436.875) RuntimeGrid:None EditorOnly:0 RuntimeOnly:0 HLODRelevant:0
 |   |   |- [+] [ 24]
 |   |   |   |- Guid:2B3E39DE4D77B226072B8F8CBDF1EBBF BaseClass:/Game/Sonic_Diamonds_Bp.Sonic_Diamonds_Bp_C NativeClass:/Script/Engine.Actor Name:Sonic_Diamonds_Bp_C_UAID_5CFF35E1E4E7707401_1377810467 Label:Sonic_Diamonds_Bp19 SpatiallyLoaded:1 Bounds:IsValid=true, Min=(X=15274.289 Y=36664.289 Z=-598.125), Max=(X=15415.711 Y=36805.711 Z=-591.875) RuntimeGrid:None EditorOnly:0 RuntimeOnly:0 HLODRelevant:0
 |   |   |- [+] [ 25]
 |   |   |   |- Guid:17878DCF4EE6C6A31F46628BBDB68EEA BaseClass:/Game/Sonic_Diamonds_Bp.Sonic_Diamonds_Bp_C NativeClass:/Script/Engine.Actor Name:Sonic_Diamonds_Bp_C_UAID_5CFF35E1E4E7707401_1377813468 Label:Sonic_Diamonds_Bp20 SpatiallyLoaded:1 Bounds:IsValid=true, Min=(X=15584.289 Y=36364.289 Z=-558.125), Max=(X=15725.711 Y=36505.711 Z=-551.875) RuntimeGrid:None EditorOnly:0 RuntimeOnly:0 HLODRelevant:0
 |   |   |- [+] [ 26]
 |   |   |   |- Guid:4A784ED2499178157F6FF5974DFF11B0 BaseClass:/Game/Sonic_Diamonds_Bp.Sonic_Diamonds_Bp_C NativeClass:/Script/Engine.Actor Name:Sonic_Diamonds_Bp_C_UAID_5CFF35E1E4E7707401_1377814469 Label:Sonic_Diamonds_Bp21 SpatiallyLoaded:1 Bounds:IsValid=true, Min=(X=15844.289 Y=36579.289 Z=-518.125), Max=(X=15985.711 Y=36720.711 Z=-511.875) RuntimeGrid:None EditorOnly:0 RuntimeOnly:0 HLODRelevant:0
 |   |   |- [+] [ 27]
 |   |   |   |- Guid:FEB5683A409BBAF15C8B6793F2754CF6 BaseClass:/Game/Sonic_Diamonds_Bp.Sonic_Diamonds_Bp_C NativeClass:/Script/Engine.Actor Name:Sonic_Diamonds_Bp_C_UAID_5CFF35E1E4E7707401_1377816470 Label:Sonic_Diamonds_Bp22 SpatiallyLoaded:1 Bounds:IsValid=true, Min=(X=15354.289 Y=35999.289 Z=-518.125), Max=(X=15495.711 Y=36140.711 Z=-511.875) RuntimeGrid:None EditorOnly:0 RuntimeOnly:0 HLODRelevant:0
 |   |   |- [+] [ 28]
 |   |   |   |- Guid:D23770EA4A4F62A7D9131FBBEB951031 BaseClass:/Game/Sonic_Diamonds_Bp.Sonic_Diamonds_Bp_C NativeClass:/Script/Engine.Actor Name:Sonic_Diamonds_Bp_C_UAID_5CFF35E1E4E7707401_1377817471 Label:Sonic_Diamonds_Bp23 SpatiallyLoaded:1 Bounds:IsValid=true, Min=(X=15019.289 Y=36284.289 Z=-633.125), Max=(X=15160.711 Y=36425.711 Z=-626.875) RuntimeGrid:None EditorOnly:0 RuntimeOnly:0 HLODRelevant:0
 |   |   |- [+] [ 29]
 |   |   |   |- Guid:5D6061A246FCC380DB22B38C77C35ED5 BaseClass:/Game/Sonic_Diamonds_Bp.Sonic_Diamonds_Bp_C NativeClass:/Script/Engine.Actor Name:Sonic_Diamonds_Bp_C_UAID_5CFF35E1E4E7707401_1377819472 Label:Sonic_Diamonds_Bp24 SpatiallyLoaded:1 Bounds:IsValid=true, Min=(X=14679.289 Y=36469.289 Z=-443.125), Max=(X=14820.711 Y=36610.711 Z=-436.875) RuntimeGrid:None EditorOnly:0 RuntimeOnly:0 HLODRelevant:0
 |- ContainerInstances:
 |- [+] MainContainer:
 |   |-        ID: 0x0000000000000000
 |   |-    Bounds: IsValid=true, Min=(X=0.000 Y=0.000 Z=-633.125), Max=(X=17485.711 Y=37660.711 Z=2500.000)
 |   |- Transform: 0.000000,0.000000,0.000000|0.000000,0.000000,-0.000000|1.000000,1.000000,1.000000
 |   |- Container: /Game/game
----------------------------------------------------------------------------------------------------------------
game - Persistent Level
----------------------------------------------------------------------------------------------------------------
Always loaded Actor Count: 38 

----------------------------------------------------------------------------------------------------------------
game - Runtime Spatial Hash - Streaming Grid - MainGrid
----------------------------------------------------------------------------------------------------------------
            Origin: X=0.000 Y=0.000 Z=0.000
         Cell Size: 25600
      World Bounds: IsValid=true, Min=(X=0.000 Y=0.000 Z=-633.125), Max=(X=17485.711 Y=37660.711 Z=2500.000)
     Loading Range: 76800.00
Block Slow Loading: No
 ClientOnlyVisible: No

[+] Grid Levels: 3
 |- Level  0: Cell Count    1 | Cell Size   25600 | Actor Count   24 (88.9%)
 |- Level  1: Cell Count    1 | Cell Size   51200 | Actor Count    3 (11.1%)
 |- Level  2: Cell Count    0 | Cell Size  102400 | Actor Count    0 (0.0%)

[+] Content of Grid Level 0
 |- [+] Content of Cell MainGrid_L0_X0_Y1
 |   |- Actor Count: 24
 |   |- MinMaxZ: X=-633.125 Y=-436.875
 |   |- Actor Path: /Game/game.game:PersistentLevel.Sonic_Diamonds_Bp_C_UAID_5CFF35E1E4E76F7401_1947692209
 |   |- Actor Package: /Game/__ExternalActors__/game/9/08/N0HOYQRVCRELXO4X3E77CX
 |   |- Actor Path: /Game/game.game:PersistentLevel.Sonic_Diamonds_Bp_C_UAID_5CFF35E1E4E7707401_1122345416
 |   |- Actor Package: /Game/__ExternalActors__/game/2/HL/OAU0KK5OVLQFA227CSZH5K
 |   |- Actor Path: /Game/game.game:PersistentLevel.Sonic_Diamonds_Bp_C_UAID_5CFF35E1E4E7707401_1124479417
 |   |- Actor Package: /Game/__ExternalActors__/game/5/AA/7VZFOQRJYGXGVWSLYQCVX1
 |   |- Actor Path: /Game/game.game:PersistentLevel.Sonic_Diamonds_Bp_C_UAID_5CFF35E1E4E7707401_1191761428
 |   |- Actor Package: /Game/__ExternalActors__/game/2/JD/BYDQ6KYBD8F5J8Z9TNZIR2
 |   |- Actor Path: /Game/game.game:PersistentLevel.Sonic_Diamonds_Bp_C_UAID_5CFF35E1E4E7707401_1194797429
 |   |- Actor Package: /Game/__ExternalActors__/game/8/GE/ZRTZL16JDJ7R18ZU179T0M
 |   |- Actor Path: /Game/game.game:PersistentLevel.Sonic_Diamonds_Bp_C_UAID_5CFF35E1E4E7707401_1203303430
 |   |- Actor Package: /Game/__ExternalActors__/game/5/NC/W810IDZXL9QLB297ON00OE
 |   |- Actor Path: /Game/game.game:PersistentLevel.Sonic_Diamonds_Bp_C_UAID_5CFF35E1E4E7707401_1312998443
 |   |- Actor Package: /Game/__ExternalActors__/game/0/X2/ZPI0H3CSU7MOEVDL8WG3IL
 |   |- Actor Path: /Game/game.game:PersistentLevel.Sonic_Diamonds_Bp_C_UAID_5CFF35E1E4E7707401_1313000444
 |   |- Actor Package: /Game/__ExternalActors__/game/8/SZ/BTU46JJWJFQ58WB4TKOGIX
 |   |- Actor Path: /Game/game.game:PersistentLevel.Sonic_Diamonds_Bp_C_UAID_5CFF35E1E4E7707401_1313001445
 |   |- Actor Package: /Game/__ExternalActors__/game/1/UP/I7EQSQY7OO6SBD2N4YW1CO
 |   |- Actor Path: /Game/game.game:PersistentLevel.Sonic_Diamonds_Bp_C_UAID_5CFF35E1E4E7707401_1313003446
 |   |- Actor Package: /Game/__ExternalActors__/game/1/I2/NFUF3UR3GISY4Q1C16PD97
 |   |- Actor Path: /Game/game.game:PersistentLevel.Sonic_Diamonds_Bp_C_UAID_5CFF35E1E4E7707401_1313005447
 |   |- Actor Package: /Game/__ExternalActors__/game/7/W0/PICY1NEADAFHIAI0T00YKN
 |   |- Actor Path: /Game/game.game:PersistentLevel.Sonic_Diamonds_Bp_C_UAID_5CFF35E1E4E7707401_1313006448
 |   |- Actor Package: /Game/__ExternalActors__/game/7/88/THP4AY55QZRYBQVKNVOD0T
 |   |- Actor Path: /Game/game.game:PersistentLevel.Sonic_Diamonds_Bp_C_UAID_5CFF35E1E4E7707401_1359824457
 |   |- Actor Package: /Game/__ExternalActors__/game/6/E2/JA797E78L1XBTMQW0M0FHO
 |   |- Actor Path: /Game/game.game:PersistentLevel.Sonic_Diamonds_Bp_C_UAID_5CFF35E1E4E7707401_1359825458
 |   |- Actor Package: /Game/__ExternalActors__/game/0/SR/6V896ZYEDHMAWRHCWA21CI
 |   |- Actor Path: /Game/game.game:PersistentLevel.Sonic_Diamonds_Bp_C_UAID_5CFF35E1E4E7707401_1359826459
 |   |- Actor Package: /Game/__ExternalActors__/game/9/YR/C6N6BQXF8RYB3ZKKY5OE5B
 |   |- Actor Path: /Game/game.game:PersistentLevel.Sonic_Diamonds_Bp_C_UAID_5CFF35E1E4E7707401_1359827460
 |   |- Actor Package: /Game/__ExternalActors__/game/A/OE/84JKENJBL01FBJNCUTNT0Y
 |   |- Actor Path: /Game/game.game:PersistentLevel.Sonic_Diamonds_Bp_C_UAID_5CFF35E1E4E7707401_1359828461
 |   |- Actor Package: /Game/__ExternalActors__/game/5/YM/47M3H8NLF8QUKWEHKVDAO4
 |   |- Actor Path: /Game/game.game:PersistentLevel.Sonic_Diamonds_Bp_C_UAID_5CFF35E1E4E7707401_1359831462
 |   |- Actor Package: /Game/__ExternalActors__/game/D/3L/7LPWME9BC5ASZE74WCLRY3
 |   |- Actor Path: /Game/game.game:PersistentLevel.Sonic_Diamonds_Bp_C_UAID_5CFF35E1E4E7707401_1377810467
 |   |- Actor Package: /Game/__ExternalActors__/game/B/ZC/8T3OKQNEW4WM30EFVH1OII
 |   |- Actor Path: /Game/game.game:PersistentLevel.Sonic_Diamonds_Bp_C_UAID_5CFF35E1E4E7707401_1377813468
 |   |- Actor Package: /Game/__ExternalActors__/game/5/B0/JG35UXSXU4YQRKOZU90E3U
 |   |- Actor Path: /Game/game.game:PersistentLevel.Sonic_Diamonds_Bp_C_UAID_5CFF35E1E4E7707401_1377814469
 |   |- Actor Package: /Game/__ExternalActors__/game/2/BJ/766C6690B8C0M3AJHFX9IM
 |   |- Actor Path: /Game/game.game:PersistentLevel.Sonic_Diamonds_Bp_C_UAID_5CFF35E1E4E7707401_1377816470
 |   |- Actor Package: /Game/__ExternalActors__/game/C/F4/Z2YURNQZSTC4CVONSHGH57
 |   |- Actor Path: /Game/game.game:PersistentLevel.Sonic_Diamonds_Bp_C_UAID_5CFF35E1E4E7707401_1377817471
 |   |- Actor Package: /Game/__ExternalActors__/game/9/3I/UB6OACYOWA311JQ81P37CO
 |   |- Actor Path: /Game/game.game:PersistentLevel.Sonic_Diamonds_Bp_C_UAID_5CFF35E1E4E7707401_1377819472
 |   |- Actor Package: /Game/__ExternalActors__/game/5/OA/UQLJDS1SMTYQG742M3973Q
[+] Content of Grid Level 1
 |- [+] Content of Cell MainGrid_L1_X0_Y0
 |   |- Actor Count: 3
 |   |- MinMaxZ: X=0.000 Y=2500.000
 |   |- Actor Path: /Game/game.game:PersistentLevel.ControllerPawn_C_UAID_309C23E9A39CE65901_1856491626
 |   |- Actor Package: /Game/__ExternalActors__/game/2/4I/N9L12AO4QH6S7OBT1AHRWM
 |   |- Actor Path: /Game/game.game:PersistentLevel.BP_instanceManager_C_UAID_309C23E9A39CE25901_1497335920
 |   |- Actor Package: /Game/__ExternalActors__/game/7/ZB/9RX8C6HV5ZRK498N3C6DIF
 |   |- Actor Path: /Game/game.game:PersistentLevel.BP_Maze_C_UAID_309C23E9A39CE25901_1494298919
 |   |- Actor Package: /Game/__ExternalActors__/game/C/3X/23VII7WS223ZP7E4VNUM1J
[+] Content of Grid Level 2

